
> star-wars@0.1.0 build
> next build

   ▲ Next.js 14.1.4

   Creating an optimized production build ...
 ✓ Compiled successfully
   Linting and checking validity of types ...
   Collecting page data ...
   Generating static pages (0/5) ...
   Generating static pages (1/5) 
   Generating static pages (2/5) 
   Generating static pages (3/5) 
 ✓ Generating static pages (5/5) 
   Finalizing page optimization ...
   Collecting build traces ...

Route (app)                              Size     First Load JS
┌ ○ /                                    82.8 kB         254 kB
└ ○ /_not-found                          882 B          85.3 kB
+ First Load JS shared by all            84.4 kB
  ├ chunks/69-a349f0b1979ed69d.js        29 kB
  ├ chunks/fd9d1056-52e06006f9467328.js  53.4 kB
  └ other shared chunks (total)          2.01 kB


○  (Static)  prerendered as static content

